<?xml version="1.0" encoding="UTF-8"?>
<!-- Generated by org.testng.reporters.JUnitXMLReporter -->
<testsuite hostname="VBTSCPTESTING02" ignored="0" name="Sanity Test" tests="1" failures="1" timestamp="05 Sep 2018 06:38:02 GMT" time="6.898" errors="0">
  <testcase name="VerifyDashboardPage" time="0.048" classname="com.sfm.centerpoint.tests.DashBoardPageTest">
    <failure type="junit.framework.AssertionFailedError" message="SFMLogo is not displayed">
      <![CDATA[junit.framework.AssertionFailedError: SFMLogo is not displayed
at junit.framework.Assert.fail(Assert.java:47)
at junit.framework.Assert.assertTrue(Assert.java:20)
at junit.framework.Assert.assertFalse(Assert.java:34)
at com.sfm.centerpoint.tests.DashBoardPageTest.VerifyDashboardPage(DashBoardPageTest.java:36)
at java.util.concurrent.ThreadPoolExecutor.runWorker(ThreadPoolExecutor.java:1149)
at java.util.concurrent.ThreadPoolExecutor$Worker.run(ThreadPoolExecutor.java:624)
at java.lang.Thread.run(Thread.java:748)
... Removed 10 stack frames]]>
    </failure>
  </testcase> <!-- VerifyDashboardPage -->
</testsuite> <!-- Sanity Test -->
