<?xml version="1.0" encoding="UTF-8"?>
<!-- Generated by org.testng.reporters.JUnitXMLReporter -->
<testsuite hostname="VBTSCPTESTING02" ignored="0" name="Smoke Test" tests="5" failures="0" timestamp="01 Sep 2018 11:52:41 GMT" time="35.14" errors="0">
  <testcase name="VerifyPageTitle" time="0.015" classname="com.sfm.centerpoint.tests.LoginPageTest"/>
  <testcase name="VerifyPageURL" time="0.02" classname="com.sfm.centerpoint.tests.LoginPageTest"/>
  <testcase name="VerifyPageLogo" time="0.109" classname="com.sfm.centerpoint.tests.LoginPageTest"/>
  <testcase name="VerifyLoginButtonText" time="0.128" classname="com.sfm.centerpoint.tests.LoginPageTest"/>
  <testcase name="Verify_Login" time="4.94" classname="com.sfm.centerpoint.tests.LoginPageTest"/>
</testsuite> <!-- Smoke Test -->
