<?xml version="1.0" encoding="UTF-8"?>
<!-- Generated by org.testng.reporters.JUnitXMLReporter -->
<testsuite hostname="VBTSCPTESTING02" ignored="0" name="Smoke Test" tests="5" failures="0" timestamp="01 Sep 2018 10:17:46 GMT" time="42.607" errors="0">
  <testcase name="VerifyPageTitle" time="0.006" classname="com.sfm.centerpoint.tests.LoginPageTest"/>
  <testcase name="VerifyPageURL" time="0.009" classname="com.sfm.centerpoint.tests.LoginPageTest"/>
  <testcase name="VerifyPageLogo" time="0.037" classname="com.sfm.centerpoint.tests.LoginPageTest"/>
  <testcase name="VerifyLoginButtonText" time="0.052" classname="com.sfm.centerpoint.tests.LoginPageTest"/>
  <testcase name="Verify_Login" time="4.331" classname="com.sfm.centerpoint.tests.LoginPageTest"/>
</testsuite> <!-- Smoke Test -->
