<?xml version="1.0" encoding="UTF-8"?>
<!-- Generated by org.testng.reporters.JUnitXMLReporter -->
<testsuite hostname="VBTSCPTESTING02" ignored="0" name="Smoke Test" tests="5" failures="0" timestamp="01 Sep 2018 06:21:27 GMT" time="47.56" errors="0">
  <testcase name="VerifyPageTitle" time="0.05" classname="com.sfm.centerpoint.tests.LoginPageTest"/>
  <testcase name="VerifyPageURL" time="0.033" classname="com.sfm.centerpoint.tests.LoginPageTest"/>
  <testcase name="VerifyPageLogo" time="0.148" classname="com.sfm.centerpoint.tests.LoginPageTest"/>
  <testcase name="VerifyLoginButtonText" time="0.082" classname="com.sfm.centerpoint.tests.LoginPageTest"/>
  <testcase name="Verify_Login" time="4.92" classname="com.sfm.centerpoint.tests.LoginPageTest"/>
</testsuite> <!-- Smoke Test -->
