<?xml version="1.0" encoding="UTF-8"?>
<testsuite xmlns:xsi="http://www.w3.org/2001/XMLSchema-instance" xsi:noNamespaceSchemaLocation="https://maven.apache.org/surefire/maven-surefire-plugin/xsd/surefire-test-report.xsd" name="TestSuite" time="33.253" tests="6" errors="0" skipped="0" failures="1">
  <properties>
[...]
</properties>
  <testcase name="VerifyPageTitle" classname="com.sfm.centerpoint.tests.LoginPageTest" time="0.015"/>
  <testcase name="VerifyPageURL" classname="com.sfm.centerpoint.tests.LoginPageTest" time="0.015"/>
  <testcase name="VerifyPageLogo" classname="com.sfm.centerpoint.tests.LoginPageTest" time="0.048"/>
  <testcase name="VerifyLoginButtonText" classname="com.sfm.centerpoint.tests.LoginPageTest" time="0.048"/>
  <testcase name="Verify_Login" classname="com.sfm.centerpoint.tests.LoginPageTest" time="6.007"/>
  <testcase name="VerifyDashboardPage" classname="com.sfm.centerpoint.tests.DashBoardPageTest" time="0.094">
    <failure message="SFMLogo is not displayed" type="junit.framework.AssertionFailedError">junit.framework.AssertionFailedError: SFMLogo is not displayed
	at com.sfm.centerpoint.tests.DashBoardPageTest.VerifyDashboardPage(DashBoardPageTest.java:36)
</failure>
    <system-out><![CDATA[Browser Closed
Completed Executing Test:< Smoke Test >
Execution Begining Test: < Sanity Test >
Launching Headless Browser..
Headless Browser Launched
Login Performed Successfully..!!!


+++++++++++++++++++++++++++++++++++++++++++++++++++++++++++++++++++++++++++++++
TEST----------->>::::|| VerifyDashboardPage ||:::: 05-09-2018-12:08:00 
-------------------------------------------------------------------------------
Test Method Resides in com.sfm.centerpoint.tests.DashBoardPageTest
-------------------------------------------------------------------------------
DONE==>>----<< VerifyDashboardPage >>
R E S U L T--->>::::::::TEST FAILED ::::::::: 05-09-2018-12:08:00 
+++++++++++++++++++++++++++++++++++++++++++++++++++++++++++++++++++++++++++++++
]]></system-out>
    <system-err><![CDATA[[INFO  - 2018-09-05T06:37:54.921Z] ShutdownReqHand - _handle - About to shutdown
Sep 05, 2018 12:07:55 PM org.openqa.selenium.phantomjs.PhantomJSDriverService <init>
INFO: executable: D:\#Sreekanth_K\#Softwares\phantomjs-2.1.1-windows\phantomjs-2.1.1-windows\bin\phantomjs.exe
Sep 05, 2018 12:07:55 PM org.openqa.selenium.phantomjs.PhantomJSDriverService <init>
INFO: port: 3168
Sep 05, 2018 12:07:55 PM org.openqa.selenium.phantomjs.PhantomJSDriverService <init>
INFO: arguments: [--webdriver=3168, --webdriver-logfile=D:\Repositories\SFM_POM\phantomjsdriver.log]
Sep 05, 2018 12:07:55 PM org.openqa.selenium.phantomjs.PhantomJSDriverService <init>
INFO: environment: {}
[INFO  - 2018-09-05T06:37:56.935Z] GhostDriver - Main - running on port 3168
[INFO  - 2018-09-05T06:37:57.190Z] Session [39ab7cf0-b0d6-11e8-96c4-3f9ee5f3be68] - page.settings - {"XSSAuditingEnabled":false,"javascriptCanCloseWindows":true,"javascriptCanOpenWindows":true,"javascriptEnabled":true,"loadImages":true,"localToRemoteUrlAccessEnabled":false,"userAgent":"Mozilla/5.0 (Windows NT 6.1; WOW64) AppleWebKit/538.1 (KHTML, like Gecko) PhantomJS/2.1.1 Safari/538.1","webSecurityEnabled":true}
[INFO  - 2018-09-05T06:37:57.190Z] Session [39ab7cf0-b0d6-11e8-96c4-3f9ee5f3be68] - page.customHeaders:  - {}
[INFO  - 2018-09-05T06:37:57.190Z] Session [39ab7cf0-b0d6-11e8-96c4-3f9ee5f3be68] - Session.negotiatedCapabilities - {"browserName":"phantomjs","version":"2.1.1","driverName":"ghostdriver","driverVersion":"1.2.0","platform":"windows-7-32bit","javascriptEnabled":true,"takesScreenshot":true,"handlesAlerts":false,"databaseEnabled":false,"locationContextEnabled":false,"applicationCacheEnabled":false,"browserConnectionEnabled":false,"cssSelectorsEnabled":true,"webStorageEnabled":false,"rotatable":false,"acceptSslCerts":false,"nativeEvents":true,"proxy":{"proxyType":"direct"}}
[INFO  - 2018-09-05T06:37:57.190Z] SessionManagerReqHand - _postNewSessionCommand - New Session Created: 39ab7cf0-b0d6-11e8-96c4-3f9ee5f3be68
Sep 05, 2018 12:07:57 PM org.openqa.selenium.remote.ProtocolHandshake createSession
INFO: Detected dialect: OSS
[ERROR - 2018-09-05T06:37:59.325Z] Session [39ab7cf0-b0d6-11e8-96c4-3f9ee5f3be68] - page.onError - msg: TypeError: undefined is not a constructor (evaluating 'new Array( 24 ).fill( null )')

  phantomjs://platform/console++.js:263 in error
[ERROR - 2018-09-05T06:37:59.325Z] Session [39ab7cf0-b0d6-11e8-96c4-3f9ee5f3be68] - page.onError - stack:
  (anonymous function) (http://103.231.43.144/resources/js/timepicker.js:30)
  (anonymous function) (http://103.231.43.144/resources/js/timepicker.js:12)

  phantomjs://platform/console++.js:263 in error
]]></system-err>
  </testcase>
</testsuite>