<?xml version="1.0" encoding="UTF-8"?>
<testsuite xmlns:xsi="http://www.w3.org/2001/XMLSchema-instance" xsi:noNamespaceSchemaLocation="https://maven.apache.org/surefire/maven-surefire-plugin/xsd/surefire-test-report.xsd" name="TestSuite" time="42.984" tests="6" errors="0" skipped="0" failures="0">
  <properties>
[...]
</properties>
  <testcase name="VerifyPageTitle" classname="com.sfm.centerpoint.tests.LoginPageTest" time="0.015"/>
  <testcase name="VerifyPageURL" classname="com.sfm.centerpoint.tests.LoginPageTest" time="0.016"/>
  <testcase name="VerifyPageLogo" classname="com.sfm.centerpoint.tests.LoginPageTest" time="0.056"/>
  <testcase name="VerifyLoginButtonText" classname="com.sfm.centerpoint.tests.LoginPageTest" time="0.087"/>
  <testcase name="Verify_Login" classname="com.sfm.centerpoint.tests.LoginPageTest" time="4.742"/>
  <testcase name="VerifyDashboardPage" classname="com.sfm.centerpoint.tests.DashBoardPageTest" time="0.07"/>
</testsuite>