<?xml version="1.0" encoding="UTF-8"?>
<testng-results skipped="0" failed="0" ignored="0" total="6" passed="6">
  <reporter-output>
    <line>
      <![CDATA[Execution Begining Suite: < SFM_POM Suite >]]>
    </line>
    <line>
      <![CDATA[Execution Begining Test: < Smoke Test >]]>
    </line>
    <line>
      <![CDATA[Launching Headless Browser..]]>
    </line>
    <line>
      <![CDATA[Headless Browser Launched]]>
    </line>
    <line>
      <![CDATA[
]]>
    </line>
    <line>
      <![CDATA[+++++++++++++++++++++++++++++++++++++++++++++++++++++++++++++++++++++++++++++++]]>
    </line>
    <line>
      <![CDATA[TEST----------->>::::|| VerifyPageTitle ||:::: 05-09-2018-11:01:13 ]]>
    </line>
    <line>
      <![CDATA[-------------------------------------------------------------------------------]]>
    </line>
    <line>
      <![CDATA[Test Method Resides in com.sfm.centerpoint.tests.LoginPageTest]]>
    </line>
    <line>
      <![CDATA[-------------------------------------------------------------------------------]]>
    </line>
    <line>
      <![CDATA[DONE==>>----<< VerifyPageTitle >>]]>
    </line>
    <line>
      <![CDATA[R E S U L T--->>::::::::TEST PASSED ::::::::: 05-09-2018-11:01:13 ]]>
    </line>
    <line>
      <![CDATA[+++++++++++++++++++++++++++++++++++++++++++++++++++++++++++++++++++++++++++++++]]>
    </line>
    <line>
      <![CDATA[Browser Closed]]>
    </line>
    <line>
      <![CDATA[Launching Headless Browser..]]>
    </line>
    <line>
      <![CDATA[Headless Browser Launched]]>
    </line>
    <line>
      <![CDATA[
]]>
    </line>
    <line>
      <![CDATA[+++++++++++++++++++++++++++++++++++++++++++++++++++++++++++++++++++++++++++++++]]>
    </line>
    <line>
      <![CDATA[TEST----------->>::::|| VerifyPageURL ||:::: 05-09-2018-11:01:16 ]]>
    </line>
    <line>
      <![CDATA[-------------------------------------------------------------------------------]]>
    </line>
    <line>
      <![CDATA[Test Method Resides in com.sfm.centerpoint.tests.LoginPageTest]]>
    </line>
    <line>
      <![CDATA[-------------------------------------------------------------------------------]]>
    </line>
    <line>
      <![CDATA[DONE==>>----<< VerifyPageURL >>]]>
    </line>
    <line>
      <![CDATA[R E S U L T--->>::::::::TEST PASSED ::::::::: 05-09-2018-11:01:16 ]]>
    </line>
    <line>
      <![CDATA[+++++++++++++++++++++++++++++++++++++++++++++++++++++++++++++++++++++++++++++++]]>
    </line>
    <line>
      <![CDATA[Browser Closed]]>
    </line>
    <line>
      <![CDATA[Launching Headless Browser..]]>
    </line>
    <line>
      <![CDATA[Headless Browser Launched]]>
    </line>
    <line>
      <![CDATA[
]]>
    </line>
    <line>
      <![CDATA[+++++++++++++++++++++++++++++++++++++++++++++++++++++++++++++++++++++++++++++++]]>
    </line>
    <line>
      <![CDATA[TEST----------->>::::|| VerifyPageLogo ||:::: 05-09-2018-11:01:20 ]]>
    </line>
    <line>
      <![CDATA[-------------------------------------------------------------------------------]]>
    </line>
    <line>
      <![CDATA[Test Method Resides in com.sfm.centerpoint.tests.LoginPageTest]]>
    </line>
    <line>
      <![CDATA[-------------------------------------------------------------------------------]]>
    </line>
    <line>
      <![CDATA[DONE==>>----<< VerifyPageLogo >>]]>
    </line>
    <line>
      <![CDATA[R E S U L T--->>::::::::TEST PASSED ::::::::: 05-09-2018-11:01:20 ]]>
    </line>
    <line>
      <![CDATA[+++++++++++++++++++++++++++++++++++++++++++++++++++++++++++++++++++++++++++++++]]>
    </line>
    <line>
      <![CDATA[Browser Closed]]>
    </line>
    <line>
      <![CDATA[Launching Headless Browser..]]>
    </line>
    <line>
      <![CDATA[Headless Browser Launched]]>
    </line>
    <line>
      <![CDATA[
]]>
    </line>
    <line>
      <![CDATA[+++++++++++++++++++++++++++++++++++++++++++++++++++++++++++++++++++++++++++++++]]>
    </line>
    <line>
      <![CDATA[TEST----------->>::::|| VerifyLoginButtonText ||:::: 05-09-2018-11:01:23 ]]>
    </line>
    <line>
      <![CDATA[-------------------------------------------------------------------------------]]>
    </line>
    <line>
      <![CDATA[Test Method Resides in com.sfm.centerpoint.tests.LoginPageTest]]>
    </line>
    <line>
      <![CDATA[-------------------------------------------------------------------------------]]>
    </line>
    <line>
      <![CDATA[DONE==>>----<< VerifyLoginButtonText >>]]>
    </line>
    <line>
      <![CDATA[R E S U L T--->>::::::::TEST PASSED ::::::::: 05-09-2018-11:01:23 ]]>
    </line>
    <line>
      <![CDATA[+++++++++++++++++++++++++++++++++++++++++++++++++++++++++++++++++++++++++++++++]]>
    </line>
    <line>
      <![CDATA[Browser Closed]]>
    </line>
    <line>
      <![CDATA[Launching Headless Browser..]]>
    </line>
    <line>
      <![CDATA[Headless Browser Launched]]>
    </line>
    <line>
      <![CDATA[
]]>
    </line>
    <line>
      <![CDATA[+++++++++++++++++++++++++++++++++++++++++++++++++++++++++++++++++++++++++++++++]]>
    </line>
    <line>
      <![CDATA[TEST----------->>::::|| Verify_Login ||:::: 05-09-2018-11:01:26 ]]>
    </line>
    <line>
      <![CDATA[-------------------------------------------------------------------------------]]>
    </line>
    <line>
      <![CDATA[Login Performed Successfully..!!!]]>
    </line>
    <line>
      <![CDATA[Logout Performed Successfully..!!!]]>
    </line>
    <line>
      <![CDATA[Test Method Resides in com.sfm.centerpoint.tests.LoginPageTest]]>
    </line>
    <line>
      <![CDATA[-------------------------------------------------------------------------------]]>
    </line>
    <line>
      <![CDATA[DONE==>>----<< Verify_Login >>]]>
    </line>
    <line>
      <![CDATA[R E S U L T--->>::::::::TEST PASSED ::::::::: 05-09-2018-11:01:31 ]]>
    </line>
    <line>
      <![CDATA[+++++++++++++++++++++++++++++++++++++++++++++++++++++++++++++++++++++++++++++++]]>
    </line>
    <line>
      <![CDATA[Browser Closed]]>
    </line>
    <line>
      <![CDATA[Execution Begining Suite: < SFM_POM Suite >]]>
    </line>
    <line>
      <![CDATA[Execution Begining Test: < Smoke Test >]]>
    </line>
    <line>
      <![CDATA[Completed Executing Test:< Smoke Test >]]>
    </line>
    <line>
      <![CDATA[Execution Begining Test: < Sanity Test >]]>
    </line>
    <line>
      <![CDATA[Launching Headless Browser..]]>
    </line>
    <line>
      <![CDATA[Headless Browser Launched]]>
    </line>
    <line>
      <![CDATA[Login Performed Successfully..!!!]]>
    </line>
    <line>
      <![CDATA[
]]>
    </line>
    <line>
      <![CDATA[+++++++++++++++++++++++++++++++++++++++++++++++++++++++++++++++++++++++++++++++]]>
    </line>
    <line>
      <![CDATA[TEST----------->>::::|| VerifyDashboardPage ||:::: 05-09-2018-11:01:36 ]]>
    </line>
    <line>
      <![CDATA[-------------------------------------------------------------------------------]]>
    </line>
    <line>
      <![CDATA[Test Method Resides in com.sfm.centerpoint.tests.DashBoardPageTest]]>
    </line>
    <line>
      <![CDATA[-------------------------------------------------------------------------------]]>
    </line>
    <line>
      <![CDATA[DONE==>>----<< VerifyDashboardPage >>]]>
    </line>
    <line>
      <![CDATA[R E S U L T--->>::::::::TEST PASSED ::::::::: 05-09-2018-11:01:36 ]]>
    </line>
    <line>
      <![CDATA[+++++++++++++++++++++++++++++++++++++++++++++++++++++++++++++++++++++++++++++++]]>
    </line>
    <line>
      <![CDATA[Logout Performed Successfully..!!!]]>
    </line>
    <line>
      <![CDATA[Browser Closed]]>
    </line>
  </reporter-output>
  <suite name="SFM_POM Suite" duration-ms="28882" started-at="2018-09-05T05:31:09Z" finished-at="2018-09-05T05:31:38Z">
    <groups>
    </groups>
    <test name="Smoke Test" duration-ms="22152" started-at="2018-09-05T05:31:09Z" finished-at="2018-09-05T05:31:31Z">
      <class name="com.sfm.centerpoint.tests.LoginPageTest">
        <test-method status="PASS" signature="SetUp()[pri:0, instance:com.sfm.centerpoint.tests.LoginPageTest@13a57a3b]" name="SetUp" is-config="true" duration-ms="3517" started-at="2018-09-05T05:31:09Z" finished-at="2018-09-05T05:31:13Z">
          <reporter-output>
            <line>
              <![CDATA[Launching Headless Browser..]]>
            </line>
            <line>
              <![CDATA[Headless Browser Launched]]>
            </line>
          </reporter-output>
        </test-method> <!-- SetUp -->
        <test-method status="PASS" signature="VerifyPageTitle()[pri:1, instance:com.sfm.centerpoint.tests.LoginPageTest@13a57a3b]" name="VerifyPageTitle" duration-ms="15" started-at="2018-09-05T05:31:13Z" finished-at="2018-09-05T05:31:13Z">
          <reporter-output>
            <line>
              <![CDATA[
]]>
            </line>
            <line>
              <![CDATA[+++++++++++++++++++++++++++++++++++++++++++++++++++++++++++++++++++++++++++++++]]>
            </line>
            <line>
              <![CDATA[TEST----------->>::::|| VerifyPageTitle ||:::: 05-09-2018-11:01:13 ]]>
            </line>
            <line>
              <![CDATA[-------------------------------------------------------------------------------]]>
            </line>
            <line>
              <![CDATA[Test Method Resides in com.sfm.centerpoint.tests.LoginPageTest]]>
            </line>
            <line>
              <![CDATA[-------------------------------------------------------------------------------]]>
            </line>
            <line>
              <![CDATA[DONE==>>----<< VerifyPageTitle >>]]>
            </line>
            <line>
              <![CDATA[R E S U L T--->>::::::::TEST PASSED ::::::::: 05-09-2018-11:01:13 ]]>
            </line>
            <line>
              <![CDATA[+++++++++++++++++++++++++++++++++++++++++++++++++++++++++++++++++++++++++++++++]]>
            </line>
          </reporter-output>
        </test-method> <!-- VerifyPageTitle -->
        <test-method status="PASS" signature="tearDown()[pri:0, instance:com.sfm.centerpoint.tests.LoginPageTest@13a57a3b]" name="tearDown" is-config="true" duration-ms="533" started-at="2018-09-05T05:31:13Z" finished-at="2018-09-05T05:31:13Z">
          <reporter-output>
            <line>
              <![CDATA[Browser Closed]]>
            </line>
          </reporter-output>
        </test-method> <!-- tearDown -->
        <test-method status="PASS" signature="SetUp()[pri:0, instance:com.sfm.centerpoint.tests.LoginPageTest@13a57a3b]" name="SetUp" is-config="true" duration-ms="2906" started-at="2018-09-05T05:31:13Z" finished-at="2018-09-05T05:31:16Z">
          <reporter-output>
            <line>
              <![CDATA[Launching Headless Browser..]]>
            </line>
            <line>
              <![CDATA[Headless Browser Launched]]>
            </line>
          </reporter-output>
        </test-method> <!-- SetUp -->
        <test-method status="PASS" signature="VerifyPageURL()[pri:2, instance:com.sfm.centerpoint.tests.LoginPageTest@13a57a3b]" name="VerifyPageURL" duration-ms="16" started-at="2018-09-05T05:31:16Z" finished-at="2018-09-05T05:31:16Z">
          <reporter-output>
            <line>
              <![CDATA[
]]>
            </line>
            <line>
              <![CDATA[+++++++++++++++++++++++++++++++++++++++++++++++++++++++++++++++++++++++++++++++]]>
            </line>
            <line>
              <![CDATA[TEST----------->>::::|| VerifyPageURL ||:::: 05-09-2018-11:01:16 ]]>
            </line>
            <line>
              <![CDATA[-------------------------------------------------------------------------------]]>
            </line>
            <line>
              <![CDATA[Test Method Resides in com.sfm.centerpoint.tests.LoginPageTest]]>
            </line>
            <line>
              <![CDATA[-------------------------------------------------------------------------------]]>
            </line>
            <line>
              <![CDATA[DONE==>>----<< VerifyPageURL >>]]>
            </line>
            <line>
              <![CDATA[R E S U L T--->>::::::::TEST PASSED ::::::::: 05-09-2018-11:01:16 ]]>
            </line>
            <line>
              <![CDATA[+++++++++++++++++++++++++++++++++++++++++++++++++++++++++++++++++++++++++++++++]]>
            </line>
          </reporter-output>
        </test-method> <!-- VerifyPageURL -->
        <test-method status="PASS" signature="tearDown()[pri:0, instance:com.sfm.centerpoint.tests.LoginPageTest@13a57a3b]" name="tearDown" is-config="true" duration-ms="532" started-at="2018-09-05T05:31:16Z" finished-at="2018-09-05T05:31:17Z">
          <reporter-output>
            <line>
              <![CDATA[Browser Closed]]>
            </line>
          </reporter-output>
        </test-method> <!-- tearDown -->
        <test-method status="PASS" signature="SetUp()[pri:0, instance:com.sfm.centerpoint.tests.LoginPageTest@13a57a3b]" name="SetUp" is-config="true" duration-ms="2867" started-at="2018-09-05T05:31:17Z" finished-at="2018-09-05T05:31:20Z">
          <reporter-output>
            <line>
              <![CDATA[Launching Headless Browser..]]>
            </line>
            <line>
              <![CDATA[Headless Browser Launched]]>
            </line>
          </reporter-output>
        </test-method> <!-- SetUp -->
        <test-method status="PASS" signature="VerifyPageLogo()[pri:3, instance:com.sfm.centerpoint.tests.LoginPageTest@13a57a3b]" name="VerifyPageLogo" duration-ms="32" started-at="2018-09-05T05:31:20Z" finished-at="2018-09-05T05:31:20Z">
          <reporter-output>
            <line>
              <![CDATA[
]]>
            </line>
            <line>
              <![CDATA[+++++++++++++++++++++++++++++++++++++++++++++++++++++++++++++++++++++++++++++++]]>
            </line>
            <line>
              <![CDATA[TEST----------->>::::|| VerifyPageLogo ||:::: 05-09-2018-11:01:20 ]]>
            </line>
            <line>
              <![CDATA[-------------------------------------------------------------------------------]]>
            </line>
            <line>
              <![CDATA[Test Method Resides in com.sfm.centerpoint.tests.LoginPageTest]]>
            </line>
            <line>
              <![CDATA[-------------------------------------------------------------------------------]]>
            </line>
            <line>
              <![CDATA[DONE==>>----<< VerifyPageLogo >>]]>
            </line>
            <line>
              <![CDATA[R E S U L T--->>::::::::TEST PASSED ::::::::: 05-09-2018-11:01:20 ]]>
            </line>
            <line>
              <![CDATA[+++++++++++++++++++++++++++++++++++++++++++++++++++++++++++++++++++++++++++++++]]>
            </line>
          </reporter-output>
        </test-method> <!-- VerifyPageLogo -->
        <test-method status="PASS" signature="tearDown()[pri:0, instance:com.sfm.centerpoint.tests.LoginPageTest@13a57a3b]" name="tearDown" is-config="true" duration-ms="532" started-at="2018-09-05T05:31:20Z" finished-at="2018-09-05T05:31:20Z">
          <reporter-output>
            <line>
              <![CDATA[Browser Closed]]>
            </line>
          </reporter-output>
        </test-method> <!-- tearDown -->
        <test-method status="PASS" signature="SetUp()[pri:0, instance:com.sfm.centerpoint.tests.LoginPageTest@13a57a3b]" name="SetUp" is-config="true" duration-ms="2891" started-at="2018-09-05T05:31:20Z" finished-at="2018-09-05T05:31:23Z">
          <reporter-output>
            <line>
              <![CDATA[Launching Headless Browser..]]>
            </line>
            <line>
              <![CDATA[Headless Browser Launched]]>
            </line>
          </reporter-output>
        </test-method> <!-- SetUp -->
        <test-method status="PASS" signature="VerifyLoginButtonText()[pri:4, instance:com.sfm.centerpoint.tests.LoginPageTest@13a57a3b]" name="VerifyLoginButtonText" duration-ms="63" started-at="2018-09-05T05:31:23Z" finished-at="2018-09-05T05:31:23Z">
          <reporter-output>
            <line>
              <![CDATA[
]]>
            </line>
            <line>
              <![CDATA[+++++++++++++++++++++++++++++++++++++++++++++++++++++++++++++++++++++++++++++++]]>
            </line>
            <line>
              <![CDATA[TEST----------->>::::|| VerifyLoginButtonText ||:::: 05-09-2018-11:01:23 ]]>
            </line>
            <line>
              <![CDATA[-------------------------------------------------------------------------------]]>
            </line>
            <line>
              <![CDATA[Test Method Resides in com.sfm.centerpoint.tests.LoginPageTest]]>
            </line>
            <line>
              <![CDATA[-------------------------------------------------------------------------------]]>
            </line>
            <line>
              <![CDATA[DONE==>>----<< VerifyLoginButtonText >>]]>
            </line>
            <line>
              <![CDATA[R E S U L T--->>::::::::TEST PASSED ::::::::: 05-09-2018-11:01:23 ]]>
            </line>
            <line>
              <![CDATA[+++++++++++++++++++++++++++++++++++++++++++++++++++++++++++++++++++++++++++++++]]>
            </line>
          </reporter-output>
        </test-method> <!-- VerifyLoginButtonText -->
        <test-method status="PASS" signature="tearDown()[pri:0, instance:com.sfm.centerpoint.tests.LoginPageTest@13a57a3b]" name="tearDown" is-config="true" duration-ms="532" started-at="2018-09-05T05:31:23Z" finished-at="2018-09-05T05:31:24Z">
          <reporter-output>
            <line>
              <![CDATA[Browser Closed]]>
            </line>
          </reporter-output>
        </test-method> <!-- tearDown -->
        <test-method status="PASS" signature="SetUp()[pri:0, instance:com.sfm.centerpoint.tests.LoginPageTest@13a57a3b]" name="SetUp" is-config="true" duration-ms="2814" started-at="2018-09-05T05:31:24Z" finished-at="2018-09-05T05:31:26Z">
          <reporter-output>
            <line>
              <![CDATA[Launching Headless Browser..]]>
            </line>
            <line>
              <![CDATA[Headless Browser Launched]]>
            </line>
          </reporter-output>
        </test-method> <!-- SetUp -->
        <test-method status="PASS" signature="Verify_Login()[pri:5, instance:com.sfm.centerpoint.tests.LoginPageTest@13a57a3b]" name="Verify_Login" duration-ms="4323" started-at="2018-09-05T05:31:26Z" finished-at="2018-09-05T05:31:31Z">
          <reporter-output>
            <line>
              <![CDATA[
]]>
            </line>
            <line>
              <![CDATA[+++++++++++++++++++++++++++++++++++++++++++++++++++++++++++++++++++++++++++++++]]>
            </line>
            <line>
              <![CDATA[TEST----------->>::::|| Verify_Login ||:::: 05-09-2018-11:01:26 ]]>
            </line>
            <line>
              <![CDATA[-------------------------------------------------------------------------------]]>
            </line>
            <line>
              <![CDATA[Login Performed Successfully..!!!]]>
            </line>
            <line>
              <![CDATA[Logout Performed Successfully..!!!]]>
            </line>
            <line>
              <![CDATA[Test Method Resides in com.sfm.centerpoint.tests.LoginPageTest]]>
            </line>
            <line>
              <![CDATA[-------------------------------------------------------------------------------]]>
            </line>
            <line>
              <![CDATA[DONE==>>----<< Verify_Login >>]]>
            </line>
            <line>
              <![CDATA[R E S U L T--->>::::::::TEST PASSED ::::::::: 05-09-2018-11:01:31 ]]>
            </line>
            <line>
              <![CDATA[+++++++++++++++++++++++++++++++++++++++++++++++++++++++++++++++++++++++++++++++]]>
            </line>
          </reporter-output>
        </test-method> <!-- Verify_Login -->
        <test-method status="PASS" signature="tearDown()[pri:0, instance:com.sfm.centerpoint.tests.LoginPageTest@13a57a3b]" name="tearDown" is-config="true" duration-ms="548" started-at="2018-09-05T05:31:31Z" finished-at="2018-09-05T05:31:31Z">
          <reporter-output>
            <line>
              <![CDATA[Browser Closed]]>
            </line>
          </reporter-output>
        </test-method> <!-- tearDown -->
      </class> <!-- com.sfm.centerpoint.tests.LoginPageTest -->
    </test> <!-- Smoke Test -->
    <test name="Sanity Test" duration-ms="6715" started-at="2018-09-05T05:31:31Z" finished-at="2018-09-05T05:31:38Z">
      <class name="com.sfm.centerpoint.tests.DashBoardPageTest">
        <test-method status="PASS" signature="SetUp()[pri:0, instance:com.sfm.centerpoint.tests.DashBoardPageTest@5f375618]" name="SetUp" is-config="true" duration-ms="4835" started-at="2018-09-05T05:31:31Z" finished-at="2018-09-05T05:31:36Z">
          <reporter-output>
            <line>
              <![CDATA[Launching Headless Browser..]]>
            </line>
            <line>
              <![CDATA[Headless Browser Launched]]>
            </line>
            <line>
              <![CDATA[Login Performed Successfully..!!!]]>
            </line>
          </reporter-output>
        </test-method> <!-- SetUp -->
        <test-method status="PASS" signature="VerifyDashboardPage()[pri:0, instance:com.sfm.centerpoint.tests.DashBoardPageTest@5f375618]" name="VerifyDashboardPage" duration-ms="48" started-at="2018-09-05T05:31:36Z" finished-at="2018-09-05T05:31:36Z">
          <reporter-output>
            <line>
              <![CDATA[
]]>
            </line>
            <line>
              <![CDATA[+++++++++++++++++++++++++++++++++++++++++++++++++++++++++++++++++++++++++++++++]]>
            </line>
            <line>
              <![CDATA[TEST----------->>::::|| VerifyDashboardPage ||:::: 05-09-2018-11:01:36 ]]>
            </line>
            <line>
              <![CDATA[-------------------------------------------------------------------------------]]>
            </line>
            <line>
              <![CDATA[Test Method Resides in com.sfm.centerpoint.tests.DashBoardPageTest]]>
            </line>
            <line>
              <![CDATA[-------------------------------------------------------------------------------]]>
            </line>
            <line>
              <![CDATA[DONE==>>----<< VerifyDashboardPage >>]]>
            </line>
            <line>
              <![CDATA[R E S U L T--->>::::::::TEST PASSED ::::::::: 05-09-2018-11:01:36 ]]>
            </line>
            <line>
              <![CDATA[+++++++++++++++++++++++++++++++++++++++++++++++++++++++++++++++++++++++++++++++]]>
            </line>
          </reporter-output>
        </test-method> <!-- VerifyDashboardPage -->
        <test-method status="PASS" signature="tearDown()[pri:0, instance:com.sfm.centerpoint.tests.DashBoardPageTest@5f375618]" name="tearDown" is-config="true" duration-ms="1832" started-at="2018-09-05T05:31:36Z" finished-at="2018-09-05T05:31:38Z">
          <reporter-output>
            <line>
              <![CDATA[Logout Performed Successfully..!!!]]>
            </line>
            <line>
              <![CDATA[Browser Closed]]>
            </line>
          </reporter-output>
        </test-method> <!-- tearDown -->
      </class> <!-- com.sfm.centerpoint.tests.DashBoardPageTest -->
    </test> <!-- Sanity Test -->
  </suite> <!-- SFM_POM Suite -->
</testng-results>
