-------------------------------------------------------------------------------
Test set: TestSuite
-------------------------------------------------------------------------------
Tests run: 6, Failures: 1, Errors: 0, Skipped: 0, Time elapsed: 33.253 s <<< FAILURE! - in TestSuite
VerifyDashboardPage(com.sfm.centerpoint.tests.DashBoardPageTest)  Time elapsed: 0.094 s  <<< FAILURE!
junit.framework.AssertionFailedError: SFMLogo is not displayed
	at com.sfm.centerpoint.tests.DashBoardPageTest.VerifyDashboardPage(DashBoardPageTest.java:36)

