<?xml version="1.0" encoding="UTF-8"?>
<testng-results skipped="0" failed="0" ignored="0" total="6" passed="6">
  <reporter-output>
    <line>
      <![CDATA[Execution Begining Suite: < SFM_POM Suite >]]>
    </line>
    <line>
      <![CDATA[Execution Begining Test: < Smoke Test >]]>
    </line>
    <line>
      <![CDATA[Launching Chrome Browser..]]>
    </line>
    <line>
      <![CDATA[Chrome Browser Launched]]>
    </line>
    <line>
      <![CDATA[
]]>
    </line>
    <line>
      <![CDATA[+++++++++++++++++++++++++++++++++++++++++++++++++++++++++++++++++++++++++++++++]]>
    </line>
    <line>
      <![CDATA[TEST----------->>::::|| VerifyPageTitle ||:::: 05-09-2018-12:57:42 ]]>
    </line>
    <line>
      <![CDATA[-------------------------------------------------------------------------------]]>
    </line>
    <line>
      <![CDATA[Test Method Resides in com.sfm.centerpoint.tests.LoginPageTest]]>
    </line>
    <line>
      <![CDATA[-------------------------------------------------------------------------------]]>
    </line>
    <line>
      <![CDATA[DONE==>>----<< VerifyPageTitle >>]]>
    </line>
    <line>
      <![CDATA[R E S U L T--->>::::::::TEST PASSED ::::::::: 05-09-2018-12:57:42 ]]>
    </line>
    <line>
      <![CDATA[+++++++++++++++++++++++++++++++++++++++++++++++++++++++++++++++++++++++++++++++]]>
    </line>
    <line>
      <![CDATA[Browser Closed]]>
    </line>
    <line>
      <![CDATA[Launching Chrome Browser..]]>
    </line>
    <line>
      <![CDATA[Chrome Browser Launched]]>
    </line>
    <line>
      <![CDATA[
]]>
    </line>
    <line>
      <![CDATA[+++++++++++++++++++++++++++++++++++++++++++++++++++++++++++++++++++++++++++++++]]>
    </line>
    <line>
      <![CDATA[TEST----------->>::::|| VerifyPageURL ||:::: 05-09-2018-12:57:47 ]]>
    </line>
    <line>
      <![CDATA[-------------------------------------------------------------------------------]]>
    </line>
    <line>
      <![CDATA[Test Method Resides in com.sfm.centerpoint.tests.LoginPageTest]]>
    </line>
    <line>
      <![CDATA[-------------------------------------------------------------------------------]]>
    </line>
    <line>
      <![CDATA[DONE==>>----<< VerifyPageURL >>]]>
    </line>
    <line>
      <![CDATA[R E S U L T--->>::::::::TEST PASSED ::::::::: 05-09-2018-12:57:47 ]]>
    </line>
    <line>
      <![CDATA[+++++++++++++++++++++++++++++++++++++++++++++++++++++++++++++++++++++++++++++++]]>
    </line>
    <line>
      <![CDATA[Browser Closed]]>
    </line>
    <line>
      <![CDATA[Launching Chrome Browser..]]>
    </line>
    <line>
      <![CDATA[Chrome Browser Launched]]>
    </line>
    <line>
      <![CDATA[
]]>
    </line>
    <line>
      <![CDATA[+++++++++++++++++++++++++++++++++++++++++++++++++++++++++++++++++++++++++++++++]]>
    </line>
    <line>
      <![CDATA[TEST----------->>::::|| VerifyPageLogo ||:::: 05-09-2018-12:57:53 ]]>
    </line>
    <line>
      <![CDATA[-------------------------------------------------------------------------------]]>
    </line>
    <line>
      <![CDATA[Test Method Resides in com.sfm.centerpoint.tests.LoginPageTest]]>
    </line>
    <line>
      <![CDATA[-------------------------------------------------------------------------------]]>
    </line>
    <line>
      <![CDATA[DONE==>>----<< VerifyPageLogo >>]]>
    </line>
    <line>
      <![CDATA[R E S U L T--->>::::::::TEST PASSED ::::::::: 05-09-2018-12:57:53 ]]>
    </line>
    <line>
      <![CDATA[+++++++++++++++++++++++++++++++++++++++++++++++++++++++++++++++++++++++++++++++]]>
    </line>
    <line>
      <![CDATA[Browser Closed]]>
    </line>
    <line>
      <![CDATA[Launching Chrome Browser..]]>
    </line>
    <line>
      <![CDATA[Chrome Browser Launched]]>
    </line>
    <line>
      <![CDATA[
]]>
    </line>
    <line>
      <![CDATA[+++++++++++++++++++++++++++++++++++++++++++++++++++++++++++++++++++++++++++++++]]>
    </line>
    <line>
      <![CDATA[TEST----------->>::::|| VerifyLoginButtonText ||:::: 05-09-2018-12:57:58 ]]>
    </line>
    <line>
      <![CDATA[-------------------------------------------------------------------------------]]>
    </line>
    <line>
      <![CDATA[Test Method Resides in com.sfm.centerpoint.tests.LoginPageTest]]>
    </line>
    <line>
      <![CDATA[-------------------------------------------------------------------------------]]>
    </line>
    <line>
      <![CDATA[DONE==>>----<< VerifyLoginButtonText >>]]>
    </line>
    <line>
      <![CDATA[R E S U L T--->>::::::::TEST PASSED ::::::::: 05-09-2018-12:57:58 ]]>
    </line>
    <line>
      <![CDATA[+++++++++++++++++++++++++++++++++++++++++++++++++++++++++++++++++++++++++++++++]]>
    </line>
    <line>
      <![CDATA[Browser Closed]]>
    </line>
    <line>
      <![CDATA[Launching Chrome Browser..]]>
    </line>
    <line>
      <![CDATA[Chrome Browser Launched]]>
    </line>
    <line>
      <![CDATA[
]]>
    </line>
    <line>
      <![CDATA[+++++++++++++++++++++++++++++++++++++++++++++++++++++++++++++++++++++++++++++++]]>
    </line>
    <line>
      <![CDATA[TEST----------->>::::|| Verify_Login ||:::: 05-09-2018-12:58:03 ]]>
    </line>
    <line>
      <![CDATA[-------------------------------------------------------------------------------]]>
    </line>
    <line>
      <![CDATA[Login Performed Successfully..!!!]]>
    </line>
    <line>
      <![CDATA[Logout Performed Successfully..!!!]]>
    </line>
    <line>
      <![CDATA[Test Method Resides in com.sfm.centerpoint.tests.LoginPageTest]]>
    </line>
    <line>
      <![CDATA[-------------------------------------------------------------------------------]]>
    </line>
    <line>
      <![CDATA[DONE==>>----<< Verify_Login >>]]>
    </line>
    <line>
      <![CDATA[R E S U L T--->>::::::::TEST PASSED ::::::::: 05-09-2018-12:58:08 ]]>
    </line>
    <line>
      <![CDATA[+++++++++++++++++++++++++++++++++++++++++++++++++++++++++++++++++++++++++++++++]]>
    </line>
    <line>
      <![CDATA[Browser Closed]]>
    </line>
    <line>
      <![CDATA[Execution Begining Suite: < SFM_POM Suite >]]>
    </line>
    <line>
      <![CDATA[Execution Begining Test: < Smoke Test >]]>
    </line>
    <line>
      <![CDATA[Completed Executing Test:< Smoke Test >]]>
    </line>
    <line>
      <![CDATA[Execution Begining Test: < Sanity Test >]]>
    </line>
    <line>
      <![CDATA[Launching Chrome Browser..]]>
    </line>
    <line>
      <![CDATA[Chrome Browser Launched]]>
    </line>
    <line>
      <![CDATA[Login Performed Successfully..!!!]]>
    </line>
    <line>
      <![CDATA[
]]>
    </line>
    <line>
      <![CDATA[+++++++++++++++++++++++++++++++++++++++++++++++++++++++++++++++++++++++++++++++]]>
    </line>
    <line>
      <![CDATA[TEST----------->>::::|| VerifyDashboardPage ||:::: 05-09-2018-12:58:16 ]]>
    </line>
    <line>
      <![CDATA[-------------------------------------------------------------------------------]]>
    </line>
    <line>
      <![CDATA[Test Method Resides in com.sfm.centerpoint.tests.DashBoardPageTest]]>
    </line>
    <line>
      <![CDATA[-------------------------------------------------------------------------------]]>
    </line>
    <line>
      <![CDATA[DONE==>>----<< VerifyDashboardPage >>]]>
    </line>
    <line>
      <![CDATA[R E S U L T--->>::::::::TEST PASSED ::::::::: 05-09-2018-12:58:16 ]]>
    </line>
    <line>
      <![CDATA[+++++++++++++++++++++++++++++++++++++++++++++++++++++++++++++++++++++++++++++++]]>
    </line>
    <line>
      <![CDATA[Logout Performed Successfully..!!!]]>
    </line>
    <line>
      <![CDATA[Browser Closed]]>
    </line>
  </reporter-output>
  <suite name="SFM_POM Suite" duration-ms="41050" started-at="2018-09-05T07:27:37Z" finished-at="2018-09-05T07:28:18Z">
    <groups>
    </groups>
    <test name="Smoke Test" duration-ms="31738" started-at="2018-09-05T07:27:37Z" finished-at="2018-09-05T07:28:08Z">
      <class name="com.sfm.centerpoint.tests.LoginPageTest">
        <test-method status="PASS" signature="SetUp()[pri:0, instance:com.sfm.centerpoint.tests.LoginPageTest@69d9c55]" name="SetUp" is-config="true" duration-ms="5269" started-at="2018-09-05T07:27:37Z" finished-at="2018-09-05T07:27:42Z">
          <reporter-output>
            <line>
              <![CDATA[Launching Chrome Browser..]]>
            </line>
            <line>
              <![CDATA[Chrome Browser Launched]]>
            </line>
          </reporter-output>
        </test-method> <!-- SetUp -->
        <test-method status="PASS" signature="VerifyPageTitle()[pri:1, instance:com.sfm.centerpoint.tests.LoginPageTest@69d9c55]" name="VerifyPageTitle" duration-ms="31" started-at="2018-09-05T07:27:42Z" finished-at="2018-09-05T07:27:42Z">
          <reporter-output>
            <line>
              <![CDATA[
]]>
            </line>
            <line>
              <![CDATA[+++++++++++++++++++++++++++++++++++++++++++++++++++++++++++++++++++++++++++++++]]>
            </line>
            <line>
              <![CDATA[TEST----------->>::::|| VerifyPageTitle ||:::: 05-09-2018-12:57:42 ]]>
            </line>
            <line>
              <![CDATA[-------------------------------------------------------------------------------]]>
            </line>
            <line>
              <![CDATA[Test Method Resides in com.sfm.centerpoint.tests.LoginPageTest]]>
            </line>
            <line>
              <![CDATA[-------------------------------------------------------------------------------]]>
            </line>
            <line>
              <![CDATA[DONE==>>----<< VerifyPageTitle >>]]>
            </line>
            <line>
              <![CDATA[R E S U L T--->>::::::::TEST PASSED ::::::::: 05-09-2018-12:57:42 ]]>
            </line>
            <line>
              <![CDATA[+++++++++++++++++++++++++++++++++++++++++++++++++++++++++++++++++++++++++++++++]]>
            </line>
          </reporter-output>
        </test-method> <!-- VerifyPageTitle -->
        <test-method status="PASS" signature="tearDown()[pri:0, instance:com.sfm.centerpoint.tests.LoginPageTest@69d9c55]" name="tearDown" is-config="true" duration-ms="587" started-at="2018-09-05T07:27:42Z" finished-at="2018-09-05T07:27:43Z">
          <reporter-output>
            <line>
              <![CDATA[Browser Closed]]>
            </line>
          </reporter-output>
        </test-method> <!-- tearDown -->
        <test-method status="PASS" signature="SetUp()[pri:0, instance:com.sfm.centerpoint.tests.LoginPageTest@69d9c55]" name="SetUp" is-config="true" duration-ms="4622" started-at="2018-09-05T07:27:43Z" finished-at="2018-09-05T07:27:47Z">
          <reporter-output>
            <line>
              <![CDATA[Launching Chrome Browser..]]>
            </line>
            <line>
              <![CDATA[Chrome Browser Launched]]>
            </line>
          </reporter-output>
        </test-method> <!-- SetUp -->
        <test-method status="PASS" signature="VerifyPageURL()[pri:2, instance:com.sfm.centerpoint.tests.LoginPageTest@69d9c55]" name="VerifyPageURL" duration-ms="22" started-at="2018-09-05T07:27:47Z" finished-at="2018-09-05T07:27:47Z">
          <reporter-output>
            <line>
              <![CDATA[
]]>
            </line>
            <line>
              <![CDATA[+++++++++++++++++++++++++++++++++++++++++++++++++++++++++++++++++++++++++++++++]]>
            </line>
            <line>
              <![CDATA[TEST----------->>::::|| VerifyPageURL ||:::: 05-09-2018-12:57:47 ]]>
            </line>
            <line>
              <![CDATA[-------------------------------------------------------------------------------]]>
            </line>
            <line>
              <![CDATA[Test Method Resides in com.sfm.centerpoint.tests.LoginPageTest]]>
            </line>
            <line>
              <![CDATA[-------------------------------------------------------------------------------]]>
            </line>
            <line>
              <![CDATA[DONE==>>----<< VerifyPageURL >>]]>
            </line>
            <line>
              <![CDATA[R E S U L T--->>::::::::TEST PASSED ::::::::: 05-09-2018-12:57:47 ]]>
            </line>
            <line>
              <![CDATA[+++++++++++++++++++++++++++++++++++++++++++++++++++++++++++++++++++++++++++++++]]>
            </line>
          </reporter-output>
        </test-method> <!-- VerifyPageURL -->
        <test-method status="PASS" signature="tearDown()[pri:0, instance:com.sfm.centerpoint.tests.LoginPageTest@69d9c55]" name="tearDown" is-config="true" duration-ms="571" started-at="2018-09-05T07:27:47Z" finished-at="2018-09-05T07:27:48Z">
          <reporter-output>
            <line>
              <![CDATA[Browser Closed]]>
            </line>
          </reporter-output>
        </test-method> <!-- tearDown -->
        <test-method status="PASS" signature="SetUp()[pri:0, instance:com.sfm.centerpoint.tests.LoginPageTest@69d9c55]" name="SetUp" is-config="true" duration-ms="4896" started-at="2018-09-05T07:27:48Z" finished-at="2018-09-05T07:27:53Z">
          <reporter-output>
            <line>
              <![CDATA[Launching Chrome Browser..]]>
            </line>
            <line>
              <![CDATA[Chrome Browser Launched]]>
            </line>
          </reporter-output>
        </test-method> <!-- SetUp -->
        <test-method status="PASS" signature="VerifyPageLogo()[pri:3, instance:com.sfm.centerpoint.tests.LoginPageTest@69d9c55]" name="VerifyPageLogo" duration-ms="63" started-at="2018-09-05T07:27:53Z" finished-at="2018-09-05T07:27:53Z">
          <reporter-output>
            <line>
              <![CDATA[
]]>
            </line>
            <line>
              <![CDATA[+++++++++++++++++++++++++++++++++++++++++++++++++++++++++++++++++++++++++++++++]]>
            </line>
            <line>
              <![CDATA[TEST----------->>::::|| VerifyPageLogo ||:::: 05-09-2018-12:57:53 ]]>
            </line>
            <line>
              <![CDATA[-------------------------------------------------------------------------------]]>
            </line>
            <line>
              <![CDATA[Test Method Resides in com.sfm.centerpoint.tests.LoginPageTest]]>
            </line>
            <line>
              <![CDATA[-------------------------------------------------------------------------------]]>
            </line>
            <line>
              <![CDATA[DONE==>>----<< VerifyPageLogo >>]]>
            </line>
            <line>
              <![CDATA[R E S U L T--->>::::::::TEST PASSED ::::::::: 05-09-2018-12:57:53 ]]>
            </line>
            <line>
              <![CDATA[+++++++++++++++++++++++++++++++++++++++++++++++++++++++++++++++++++++++++++++++]]>
            </line>
          </reporter-output>
        </test-method> <!-- VerifyPageLogo -->
        <test-method status="PASS" signature="tearDown()[pri:0, instance:com.sfm.centerpoint.tests.LoginPageTest@69d9c55]" name="tearDown" is-config="true" duration-ms="576" started-at="2018-09-05T07:27:53Z" finished-at="2018-09-05T07:27:53Z">
          <reporter-output>
            <line>
              <![CDATA[Browser Closed]]>
            </line>
          </reporter-output>
        </test-method> <!-- tearDown -->
        <test-method status="PASS" signature="SetUp()[pri:0, instance:com.sfm.centerpoint.tests.LoginPageTest@69d9c55]" name="SetUp" is-config="true" duration-ms="4683" started-at="2018-09-05T07:27:53Z" finished-at="2018-09-05T07:27:58Z">
          <reporter-output>
            <line>
              <![CDATA[Launching Chrome Browser..]]>
            </line>
            <line>
              <![CDATA[Chrome Browser Launched]]>
            </line>
          </reporter-output>
        </test-method> <!-- SetUp -->
        <test-method status="PASS" signature="VerifyLoginButtonText()[pri:4, instance:com.sfm.centerpoint.tests.LoginPageTest@69d9c55]" name="VerifyLoginButtonText" duration-ms="60" started-at="2018-09-05T07:27:58Z" finished-at="2018-09-05T07:27:58Z">
          <reporter-output>
            <line>
              <![CDATA[
]]>
            </line>
            <line>
              <![CDATA[+++++++++++++++++++++++++++++++++++++++++++++++++++++++++++++++++++++++++++++++]]>
            </line>
            <line>
              <![CDATA[TEST----------->>::::|| VerifyLoginButtonText ||:::: 05-09-2018-12:57:58 ]]>
            </line>
            <line>
              <![CDATA[-------------------------------------------------------------------------------]]>
            </line>
            <line>
              <![CDATA[Test Method Resides in com.sfm.centerpoint.tests.LoginPageTest]]>
            </line>
            <line>
              <![CDATA[-------------------------------------------------------------------------------]]>
            </line>
            <line>
              <![CDATA[DONE==>>----<< VerifyLoginButtonText >>]]>
            </line>
            <line>
              <![CDATA[R E S U L T--->>::::::::TEST PASSED ::::::::: 05-09-2018-12:57:58 ]]>
            </line>
            <line>
              <![CDATA[+++++++++++++++++++++++++++++++++++++++++++++++++++++++++++++++++++++++++++++++]]>
            </line>
          </reporter-output>
        </test-method> <!-- VerifyLoginButtonText -->
        <test-method status="PASS" signature="tearDown()[pri:0, instance:com.sfm.centerpoint.tests.LoginPageTest@69d9c55]" name="tearDown" is-config="true" duration-ms="572" started-at="2018-09-05T07:27:58Z" finished-at="2018-09-05T07:27:59Z">
          <reporter-output>
            <line>
              <![CDATA[Browser Closed]]>
            </line>
          </reporter-output>
        </test-method> <!-- tearDown -->
        <test-method status="PASS" signature="SetUp()[pri:0, instance:com.sfm.centerpoint.tests.LoginPageTest@69d9c55]" name="SetUp" is-config="true" duration-ms="4635" started-at="2018-09-05T07:27:59Z" finished-at="2018-09-05T07:28:03Z">
          <reporter-output>
            <line>
              <![CDATA[Launching Chrome Browser..]]>
            </line>
            <line>
              <![CDATA[Chrome Browser Launched]]>
            </line>
          </reporter-output>
        </test-method> <!-- SetUp -->
        <test-method status="PASS" signature="Verify_Login()[pri:5, instance:com.sfm.centerpoint.tests.LoginPageTest@69d9c55]" name="Verify_Login" duration-ms="4515" started-at="2018-09-05T07:28:03Z" finished-at="2018-09-05T07:28:08Z">
          <reporter-output>
            <line>
              <![CDATA[
]]>
            </line>
            <line>
              <![CDATA[+++++++++++++++++++++++++++++++++++++++++++++++++++++++++++++++++++++++++++++++]]>
            </line>
            <line>
              <![CDATA[TEST----------->>::::|| Verify_Login ||:::: 05-09-2018-12:58:03 ]]>
            </line>
            <line>
              <![CDATA[-------------------------------------------------------------------------------]]>
            </line>
            <line>
              <![CDATA[Login Performed Successfully..!!!]]>
            </line>
            <line>
              <![CDATA[Logout Performed Successfully..!!!]]>
            </line>
            <line>
              <![CDATA[Test Method Resides in com.sfm.centerpoint.tests.LoginPageTest]]>
            </line>
            <line>
              <![CDATA[-------------------------------------------------------------------------------]]>
            </line>
            <line>
              <![CDATA[DONE==>>----<< Verify_Login >>]]>
            </line>
            <line>
              <![CDATA[R E S U L T--->>::::::::TEST PASSED ::::::::: 05-09-2018-12:58:08 ]]>
            </line>
            <line>
              <![CDATA[+++++++++++++++++++++++++++++++++++++++++++++++++++++++++++++++++++++++++++++++]]>
            </line>
          </reporter-output>
        </test-method> <!-- Verify_Login -->
        <test-method status="PASS" signature="tearDown()[pri:0, instance:com.sfm.centerpoint.tests.LoginPageTest@69d9c55]" name="tearDown" is-config="true" duration-ms="590" started-at="2018-09-05T07:28:08Z" finished-at="2018-09-05T07:28:08Z">
          <reporter-output>
            <line>
              <![CDATA[Browser Closed]]>
            </line>
          </reporter-output>
        </test-method> <!-- tearDown -->
      </class> <!-- com.sfm.centerpoint.tests.LoginPageTest -->
    </test> <!-- Smoke Test -->
    <test name="Sanity Test" duration-ms="9274" started-at="2018-09-05T07:28:08Z" finished-at="2018-09-05T07:28:18Z">
      <class name="com.sfm.centerpoint.tests.DashBoardPageTest">
        <test-method status="PASS" signature="SetUp()[pri:0, instance:com.sfm.centerpoint.tests.DashBoardPageTest@50c87b21]" name="SetUp" is-config="true" duration-ms="7380" started-at="2018-09-05T07:28:08Z" finished-at="2018-09-05T07:28:16Z">
          <reporter-output>
            <line>
              <![CDATA[Launching Chrome Browser..]]>
            </line>
            <line>
              <![CDATA[Chrome Browser Launched]]>
            </line>
            <line>
              <![CDATA[Login Performed Successfully..!!!]]>
            </line>
          </reporter-output>
        </test-method> <!-- SetUp -->
        <test-method status="PASS" signature="VerifyDashboardPage()[pri:0, instance:com.sfm.centerpoint.tests.DashBoardPageTest@50c87b21]" name="VerifyDashboardPage" duration-ms="59" started-at="2018-09-05T07:28:16Z" finished-at="2018-09-05T07:28:16Z">
          <reporter-output>
            <line>
              <![CDATA[
]]>
            </line>
            <line>
              <![CDATA[+++++++++++++++++++++++++++++++++++++++++++++++++++++++++++++++++++++++++++++++]]>
            </line>
            <line>
              <![CDATA[TEST----------->>::::|| VerifyDashboardPage ||:::: 05-09-2018-12:58:16 ]]>
            </line>
            <line>
              <![CDATA[-------------------------------------------------------------------------------]]>
            </line>
            <line>
              <![CDATA[Test Method Resides in com.sfm.centerpoint.tests.DashBoardPageTest]]>
            </line>
            <line>
              <![CDATA[-------------------------------------------------------------------------------]]>
            </line>
            <line>
              <![CDATA[DONE==>>----<< VerifyDashboardPage >>]]>
            </line>
            <line>
              <![CDATA[R E S U L T--->>::::::::TEST PASSED ::::::::: 05-09-2018-12:58:16 ]]>
            </line>
            <line>
              <![CDATA[+++++++++++++++++++++++++++++++++++++++++++++++++++++++++++++++++++++++++++++++]]>
            </line>
          </reporter-output>
        </test-method> <!-- VerifyDashboardPage -->
        <test-method status="PASS" signature="tearDown()[pri:0, instance:com.sfm.centerpoint.tests.DashBoardPageTest@50c87b21]" name="tearDown" is-config="true" duration-ms="1831" started-at="2018-09-05T07:28:16Z" finished-at="2018-09-05T07:28:18Z">
          <reporter-output>
            <line>
              <![CDATA[Logout Performed Successfully..!!!]]>
            </line>
            <line>
              <![CDATA[Browser Closed]]>
            </line>
          </reporter-output>
        </test-method> <!-- tearDown -->
      </class> <!-- com.sfm.centerpoint.tests.DashBoardPageTest -->
    </test> <!-- Sanity Test -->
  </suite> <!-- SFM_POM Suite -->
</testng-results>
