<?xml version="1.0" encoding="UTF-8"?>
<!-- Generated by org.testng.reporters.JUnitXMLReporter -->
<testsuite hostname="VBTSCPTESTING02" ignored="0" name="LoginPageTest" tests="2" failures="0" timestamp="31 Aug 2018 10:03:57 GMT" time="14.216" errors="0">
  <testcase name="VerifyPageTitle" time="0.054" classname="com.sfm.centerpoint.tests.LoginPageTest"/>
  <testcase name="VerifyDashboardPage" time="0.079" classname="com.sfm.centerpoint.tests.DashBoardPageTest"/>
</testsuite> <!-- LoginPageTest -->
