<?xml version="1.0" encoding="UTF-8"?>
<!-- Generated by org.testng.reporters.JUnitXMLReporter -->
<testsuite hostname="VBTSCPTESTING02" ignored="0" name="Smoke Test" tests="5" failures="0" timestamp="31 Aug 2018 10:43:24 GMT" time="100.385" errors="0">
  <testcase name="VerifyPageTitle" time="0.046" classname="com.sfm.centerpoint.tests.LoginPageTest"/>
  <testcase name="VerifyPageURL" time="0.047" classname="com.sfm.centerpoint.tests.LoginPageTest"/>
  <testcase name="VerifyPageLogo" time="0.487" classname="com.sfm.centerpoint.tests.LoginPageTest"/>
  <testcase name="VerifyLoginButtonText" time="0.207" classname="com.sfm.centerpoint.tests.LoginPageTest"/>
  <testcase name="Verify_Login" time="67.749" classname="com.sfm.centerpoint.tests.LoginPageTest"/>
</testsuite> <!-- Smoke Test -->
