<?xml version="1.0" encoding="UTF-8"?>
<testng-results skipped="0" failed="0" ignored="0" total="6" passed="6">
  <reporter-output>
    <line>
      <![CDATA[Execution Begining Suite: < SFM_POM Suite >]]>
    </line>
    <line>
      <![CDATA[Execution Begining Test: < Smoke Test >]]>
    </line>
    <line>
      <![CDATA[Launching Chrome Browser..]]>
    </line>
    <line>
      <![CDATA[Chrome Browser Launched]]>
    </line>
    <line>
      <![CDATA[
]]>
    </line>
    <line>
      <![CDATA[+++++++++++++++++++++++++++++++++++++++++++++++++++++++++++++++++++++++++++++++]]>
    </line>
    <line>
      <![CDATA[TEST----------->>::::|| VerifyPageTitle ||:::: 05-09-2018-12:55:44 ]]>
    </line>
    <line>
      <![CDATA[-------------------------------------------------------------------------------]]>
    </line>
    <line>
      <![CDATA[Test Method Resides in com.sfm.centerpoint.tests.LoginPageTest]]>
    </line>
    <line>
      <![CDATA[-------------------------------------------------------------------------------]]>
    </line>
    <line>
      <![CDATA[DONE==>>----<< VerifyPageTitle >>]]>
    </line>
    <line>
      <![CDATA[R E S U L T--->>::::::::TEST PASSED ::::::::: 05-09-2018-12:55:44 ]]>
    </line>
    <line>
      <![CDATA[+++++++++++++++++++++++++++++++++++++++++++++++++++++++++++++++++++++++++++++++]]>
    </line>
    <line>
      <![CDATA[Browser Closed]]>
    </line>
    <line>
      <![CDATA[Launching Chrome Browser..]]>
    </line>
    <line>
      <![CDATA[Chrome Browser Launched]]>
    </line>
    <line>
      <![CDATA[
]]>
    </line>
    <line>
      <![CDATA[+++++++++++++++++++++++++++++++++++++++++++++++++++++++++++++++++++++++++++++++]]>
    </line>
    <line>
      <![CDATA[TEST----------->>::::|| VerifyPageURL ||:::: 05-09-2018-12:55:49 ]]>
    </line>
    <line>
      <![CDATA[-------------------------------------------------------------------------------]]>
    </line>
    <line>
      <![CDATA[Test Method Resides in com.sfm.centerpoint.tests.LoginPageTest]]>
    </line>
    <line>
      <![CDATA[-------------------------------------------------------------------------------]]>
    </line>
    <line>
      <![CDATA[DONE==>>----<< VerifyPageURL >>]]>
    </line>
    <line>
      <![CDATA[R E S U L T--->>::::::::TEST PASSED ::::::::: 05-09-2018-12:55:49 ]]>
    </line>
    <line>
      <![CDATA[+++++++++++++++++++++++++++++++++++++++++++++++++++++++++++++++++++++++++++++++]]>
    </line>
    <line>
      <![CDATA[Browser Closed]]>
    </line>
    <line>
      <![CDATA[Launching Chrome Browser..]]>
    </line>
    <line>
      <![CDATA[Chrome Browser Launched]]>
    </line>
    <line>
      <![CDATA[
]]>
    </line>
    <line>
      <![CDATA[+++++++++++++++++++++++++++++++++++++++++++++++++++++++++++++++++++++++++++++++]]>
    </line>
    <line>
      <![CDATA[TEST----------->>::::|| VerifyPageLogo ||:::: 05-09-2018-12:55:54 ]]>
    </line>
    <line>
      <![CDATA[-------------------------------------------------------------------------------]]>
    </line>
    <line>
      <![CDATA[Test Method Resides in com.sfm.centerpoint.tests.LoginPageTest]]>
    </line>
    <line>
      <![CDATA[-------------------------------------------------------------------------------]]>
    </line>
    <line>
      <![CDATA[DONE==>>----<< VerifyPageLogo >>]]>
    </line>
    <line>
      <![CDATA[R E S U L T--->>::::::::TEST PASSED ::::::::: 05-09-2018-12:55:54 ]]>
    </line>
    <line>
      <![CDATA[+++++++++++++++++++++++++++++++++++++++++++++++++++++++++++++++++++++++++++++++]]>
    </line>
    <line>
      <![CDATA[Browser Closed]]>
    </line>
    <line>
      <![CDATA[Launching Chrome Browser..]]>
    </line>
    <line>
      <![CDATA[Chrome Browser Launched]]>
    </line>
    <line>
      <![CDATA[
]]>
    </line>
    <line>
      <![CDATA[+++++++++++++++++++++++++++++++++++++++++++++++++++++++++++++++++++++++++++++++]]>
    </line>
    <line>
      <![CDATA[TEST----------->>::::|| VerifyLoginButtonText ||:::: 05-09-2018-12:56:00 ]]>
    </line>
    <line>
      <![CDATA[-------------------------------------------------------------------------------]]>
    </line>
    <line>
      <![CDATA[Test Method Resides in com.sfm.centerpoint.tests.LoginPageTest]]>
    </line>
    <line>
      <![CDATA[-------------------------------------------------------------------------------]]>
    </line>
    <line>
      <![CDATA[DONE==>>----<< VerifyLoginButtonText >>]]>
    </line>
    <line>
      <![CDATA[R E S U L T--->>::::::::TEST PASSED ::::::::: 05-09-2018-12:56:00 ]]>
    </line>
    <line>
      <![CDATA[+++++++++++++++++++++++++++++++++++++++++++++++++++++++++++++++++++++++++++++++]]>
    </line>
    <line>
      <![CDATA[Browser Closed]]>
    </line>
    <line>
      <![CDATA[Launching Chrome Browser..]]>
    </line>
    <line>
      <![CDATA[Chrome Browser Launched]]>
    </line>
    <line>
      <![CDATA[
]]>
    </line>
    <line>
      <![CDATA[+++++++++++++++++++++++++++++++++++++++++++++++++++++++++++++++++++++++++++++++]]>
    </line>
    <line>
      <![CDATA[TEST----------->>::::|| Verify_Login ||:::: 05-09-2018-12:56:05 ]]>
    </line>
    <line>
      <![CDATA[-------------------------------------------------------------------------------]]>
    </line>
    <line>
      <![CDATA[Login Performed Successfully..!!!]]>
    </line>
    <line>
      <![CDATA[Logout Performed Successfully..!!!]]>
    </line>
    <line>
      <![CDATA[Test Method Resides in com.sfm.centerpoint.tests.LoginPageTest]]>
    </line>
    <line>
      <![CDATA[-------------------------------------------------------------------------------]]>
    </line>
    <line>
      <![CDATA[DONE==>>----<< Verify_Login >>]]>
    </line>
    <line>
      <![CDATA[R E S U L T--->>::::::::TEST PASSED ::::::::: 05-09-2018-12:56:10 ]]>
    </line>
    <line>
      <![CDATA[+++++++++++++++++++++++++++++++++++++++++++++++++++++++++++++++++++++++++++++++]]>
    </line>
    <line>
      <![CDATA[Browser Closed]]>
    </line>
    <line>
      <![CDATA[Execution Begining Suite: < SFM_POM Suite >]]>
    </line>
    <line>
      <![CDATA[Execution Begining Test: < Smoke Test >]]>
    </line>
    <line>
      <![CDATA[Completed Executing Test:< Smoke Test >]]>
    </line>
    <line>
      <![CDATA[Execution Begining Test: < Sanity Test >]]>
    </line>
    <line>
      <![CDATA[Launching Chrome Browser..]]>
    </line>
    <line>
      <![CDATA[Chrome Browser Launched]]>
    </line>
    <line>
      <![CDATA[Login Performed Successfully..!!!]]>
    </line>
    <line>
      <![CDATA[
]]>
    </line>
    <line>
      <![CDATA[+++++++++++++++++++++++++++++++++++++++++++++++++++++++++++++++++++++++++++++++]]>
    </line>
    <line>
      <![CDATA[TEST----------->>::::|| VerifyDashboardPage ||:::: 05-09-2018-12:56:17 ]]>
    </line>
    <line>
      <![CDATA[-------------------------------------------------------------------------------]]>
    </line>
    <line>
      <![CDATA[Test Method Resides in com.sfm.centerpoint.tests.DashBoardPageTest]]>
    </line>
    <line>
      <![CDATA[-------------------------------------------------------------------------------]]>
    </line>
    <line>
      <![CDATA[DONE==>>----<< VerifyDashboardPage >>]]>
    </line>
    <line>
      <![CDATA[R E S U L T--->>::::::::TEST PASSED ::::::::: 05-09-2018-12:56:17 ]]>
    </line>
    <line>
      <![CDATA[+++++++++++++++++++++++++++++++++++++++++++++++++++++++++++++++++++++++++++++++]]>
    </line>
    <line>
      <![CDATA[Logout Performed Successfully..!!!]]>
    </line>
    <line>
      <![CDATA[Browser Closed]]>
    </line>
  </reporter-output>
  <suite name="SFM_POM Suite" duration-ms="40076" started-at="2018-09-05T07:25:39Z" finished-at="2018-09-05T07:26:19Z">
    <groups>
    </groups>
    <test name="Smoke Test" duration-ms="31254" started-at="2018-09-05T07:25:39Z" finished-at="2018-09-05T07:26:10Z">
      <class name="com.sfm.centerpoint.tests.LoginPageTest">
        <test-method status="PASS" signature="SetUp()[pri:0, instance:com.sfm.centerpoint.tests.LoginPageTest@4dfa3a9d]" name="SetUp" is-config="true" duration-ms="4751" started-at="2018-09-05T07:25:39Z" finished-at="2018-09-05T07:25:44Z">
          <reporter-output>
            <line>
              <![CDATA[Launching Chrome Browser..]]>
            </line>
            <line>
              <![CDATA[Chrome Browser Launched]]>
            </line>
          </reporter-output>
        </test-method> <!-- SetUp -->
        <test-method status="PASS" signature="VerifyPageTitle()[pri:1, instance:com.sfm.centerpoint.tests.LoginPageTest@4dfa3a9d]" name="VerifyPageTitle" duration-ms="25" started-at="2018-09-05T07:25:44Z" finished-at="2018-09-05T07:25:44Z">
          <reporter-output>
            <line>
              <![CDATA[
]]>
            </line>
            <line>
              <![CDATA[+++++++++++++++++++++++++++++++++++++++++++++++++++++++++++++++++++++++++++++++]]>
            </line>
            <line>
              <![CDATA[TEST----------->>::::|| VerifyPageTitle ||:::: 05-09-2018-12:55:44 ]]>
            </line>
            <line>
              <![CDATA[-------------------------------------------------------------------------------]]>
            </line>
            <line>
              <![CDATA[Test Method Resides in com.sfm.centerpoint.tests.LoginPageTest]]>
            </line>
            <line>
              <![CDATA[-------------------------------------------------------------------------------]]>
            </line>
            <line>
              <![CDATA[DONE==>>----<< VerifyPageTitle >>]]>
            </line>
            <line>
              <![CDATA[R E S U L T--->>::::::::TEST PASSED ::::::::: 05-09-2018-12:55:44 ]]>
            </line>
            <line>
              <![CDATA[+++++++++++++++++++++++++++++++++++++++++++++++++++++++++++++++++++++++++++++++]]>
            </line>
          </reporter-output>
        </test-method> <!-- VerifyPageTitle -->
        <test-method status="PASS" signature="tearDown()[pri:0, instance:com.sfm.centerpoint.tests.LoginPageTest@4dfa3a9d]" name="tearDown" is-config="true" duration-ms="577" started-at="2018-09-05T07:25:44Z" finished-at="2018-09-05T07:25:44Z">
          <reporter-output>
            <line>
              <![CDATA[Browser Closed]]>
            </line>
          </reporter-output>
        </test-method> <!-- tearDown -->
        <test-method status="PASS" signature="SetUp()[pri:0, instance:com.sfm.centerpoint.tests.LoginPageTest@4dfa3a9d]" name="SetUp" is-config="true" duration-ms="4664" started-at="2018-09-05T07:25:44Z" finished-at="2018-09-05T07:25:49Z">
          <reporter-output>
            <line>
              <![CDATA[Launching Chrome Browser..]]>
            </line>
            <line>
              <![CDATA[Chrome Browser Launched]]>
            </line>
          </reporter-output>
        </test-method> <!-- SetUp -->
        <test-method status="PASS" signature="VerifyPageURL()[pri:2, instance:com.sfm.centerpoint.tests.LoginPageTest@4dfa3a9d]" name="VerifyPageURL" duration-ms="33" started-at="2018-09-05T07:25:49Z" finished-at="2018-09-05T07:25:49Z">
          <reporter-output>
            <line>
              <![CDATA[
]]>
            </line>
            <line>
              <![CDATA[+++++++++++++++++++++++++++++++++++++++++++++++++++++++++++++++++++++++++++++++]]>
            </line>
            <line>
              <![CDATA[TEST----------->>::::|| VerifyPageURL ||:::: 05-09-2018-12:55:49 ]]>
            </line>
            <line>
              <![CDATA[-------------------------------------------------------------------------------]]>
            </line>
            <line>
              <![CDATA[Test Method Resides in com.sfm.centerpoint.tests.LoginPageTest]]>
            </line>
            <line>
              <![CDATA[-------------------------------------------------------------------------------]]>
            </line>
            <line>
              <![CDATA[DONE==>>----<< VerifyPageURL >>]]>
            </line>
            <line>
              <![CDATA[R E S U L T--->>::::::::TEST PASSED ::::::::: 05-09-2018-12:55:49 ]]>
            </line>
            <line>
              <![CDATA[+++++++++++++++++++++++++++++++++++++++++++++++++++++++++++++++++++++++++++++++]]>
            </line>
          </reporter-output>
        </test-method> <!-- VerifyPageURL -->
        <test-method status="PASS" signature="tearDown()[pri:0, instance:com.sfm.centerpoint.tests.LoginPageTest@4dfa3a9d]" name="tearDown" is-config="true" duration-ms="603" started-at="2018-09-05T07:25:49Z" finished-at="2018-09-05T07:25:50Z">
          <reporter-output>
            <line>
              <![CDATA[Browser Closed]]>
            </line>
          </reporter-output>
        </test-method> <!-- tearDown -->
        <test-method status="PASS" signature="SetUp()[pri:0, instance:com.sfm.centerpoint.tests.LoginPageTest@4dfa3a9d]" name="SetUp" is-config="true" duration-ms="4720" started-at="2018-09-05T07:25:50Z" finished-at="2018-09-05T07:25:54Z">
          <reporter-output>
            <line>
              <![CDATA[Launching Chrome Browser..]]>
            </line>
            <line>
              <![CDATA[Chrome Browser Launched]]>
            </line>
          </reporter-output>
        </test-method> <!-- SetUp -->
        <test-method status="PASS" signature="VerifyPageLogo()[pri:3, instance:com.sfm.centerpoint.tests.LoginPageTest@4dfa3a9d]" name="VerifyPageLogo" duration-ms="33" started-at="2018-09-05T07:25:54Z" finished-at="2018-09-05T07:25:54Z">
          <reporter-output>
            <line>
              <![CDATA[
]]>
            </line>
            <line>
              <![CDATA[+++++++++++++++++++++++++++++++++++++++++++++++++++++++++++++++++++++++++++++++]]>
            </line>
            <line>
              <![CDATA[TEST----------->>::::|| VerifyPageLogo ||:::: 05-09-2018-12:55:54 ]]>
            </line>
            <line>
              <![CDATA[-------------------------------------------------------------------------------]]>
            </line>
            <line>
              <![CDATA[Test Method Resides in com.sfm.centerpoint.tests.LoginPageTest]]>
            </line>
            <line>
              <![CDATA[-------------------------------------------------------------------------------]]>
            </line>
            <line>
              <![CDATA[DONE==>>----<< VerifyPageLogo >>]]>
            </line>
            <line>
              <![CDATA[R E S U L T--->>::::::::TEST PASSED ::::::::: 05-09-2018-12:55:54 ]]>
            </line>
            <line>
              <![CDATA[+++++++++++++++++++++++++++++++++++++++++++++++++++++++++++++++++++++++++++++++]]>
            </line>
          </reporter-output>
        </test-method> <!-- VerifyPageLogo -->
        <test-method status="PASS" signature="tearDown()[pri:0, instance:com.sfm.centerpoint.tests.LoginPageTest@4dfa3a9d]" name="tearDown" is-config="true" duration-ms="593" started-at="2018-09-05T07:25:54Z" finished-at="2018-09-05T07:25:55Z">
          <reporter-output>
            <line>
              <![CDATA[Browser Closed]]>
            </line>
          </reporter-output>
        </test-method> <!-- tearDown -->
        <test-method status="PASS" signature="SetUp()[pri:0, instance:com.sfm.centerpoint.tests.LoginPageTest@4dfa3a9d]" name="SetUp" is-config="true" duration-ms="4889" started-at="2018-09-05T07:25:55Z" finished-at="2018-09-05T07:26:00Z">
          <reporter-output>
            <line>
              <![CDATA[Launching Chrome Browser..]]>
            </line>
            <line>
              <![CDATA[Chrome Browser Launched]]>
            </line>
          </reporter-output>
        </test-method> <!-- SetUp -->
        <test-method status="PASS" signature="VerifyLoginButtonText()[pri:4, instance:com.sfm.centerpoint.tests.LoginPageTest@4dfa3a9d]" name="VerifyLoginButtonText" duration-ms="69" started-at="2018-09-05T07:26:00Z" finished-at="2018-09-05T07:26:00Z">
          <reporter-output>
            <line>
              <![CDATA[
]]>
            </line>
            <line>
              <![CDATA[+++++++++++++++++++++++++++++++++++++++++++++++++++++++++++++++++++++++++++++++]]>
            </line>
            <line>
              <![CDATA[TEST----------->>::::|| VerifyLoginButtonText ||:::: 05-09-2018-12:56:00 ]]>
            </line>
            <line>
              <![CDATA[-------------------------------------------------------------------------------]]>
            </line>
            <line>
              <![CDATA[Test Method Resides in com.sfm.centerpoint.tests.LoginPageTest]]>
            </line>
            <line>
              <![CDATA[-------------------------------------------------------------------------------]]>
            </line>
            <line>
              <![CDATA[DONE==>>----<< VerifyLoginButtonText >>]]>
            </line>
            <line>
              <![CDATA[R E S U L T--->>::::::::TEST PASSED ::::::::: 05-09-2018-12:56:00 ]]>
            </line>
            <line>
              <![CDATA[+++++++++++++++++++++++++++++++++++++++++++++++++++++++++++++++++++++++++++++++]]>
            </line>
          </reporter-output>
        </test-method> <!-- VerifyLoginButtonText -->
        <test-method status="PASS" signature="tearDown()[pri:0, instance:com.sfm.centerpoint.tests.LoginPageTest@4dfa3a9d]" name="tearDown" is-config="true" duration-ms="600" started-at="2018-09-05T07:26:00Z" finished-at="2018-09-05T07:26:00Z">
          <reporter-output>
            <line>
              <![CDATA[Browser Closed]]>
            </line>
          </reporter-output>
        </test-method> <!-- tearDown -->
        <test-method status="PASS" signature="SetUp()[pri:0, instance:com.sfm.centerpoint.tests.LoginPageTest@4dfa3a9d]" name="SetUp" is-config="true" duration-ms="4632" started-at="2018-09-05T07:26:00Z" finished-at="2018-09-05T07:26:05Z">
          <reporter-output>
            <line>
              <![CDATA[Launching Chrome Browser..]]>
            </line>
            <line>
              <![CDATA[Chrome Browser Launched]]>
            </line>
          </reporter-output>
        </test-method> <!-- SetUp -->
        <test-method status="PASS" signature="Verify_Login()[pri:5, instance:com.sfm.centerpoint.tests.LoginPageTest@4dfa3a9d]" name="Verify_Login" duration-ms="4410" started-at="2018-09-05T07:26:05Z" finished-at="2018-09-05T07:26:10Z">
          <reporter-output>
            <line>
              <![CDATA[
]]>
            </line>
            <line>
              <![CDATA[+++++++++++++++++++++++++++++++++++++++++++++++++++++++++++++++++++++++++++++++]]>
            </line>
            <line>
              <![CDATA[TEST----------->>::::|| Verify_Login ||:::: 05-09-2018-12:56:05 ]]>
            </line>
            <line>
              <![CDATA[-------------------------------------------------------------------------------]]>
            </line>
            <line>
              <![CDATA[Login Performed Successfully..!!!]]>
            </line>
            <line>
              <![CDATA[Logout Performed Successfully..!!!]]>
            </line>
            <line>
              <![CDATA[Test Method Resides in com.sfm.centerpoint.tests.LoginPageTest]]>
            </line>
            <line>
              <![CDATA[-------------------------------------------------------------------------------]]>
            </line>
            <line>
              <![CDATA[DONE==>>----<< Verify_Login >>]]>
            </line>
            <line>
              <![CDATA[R E S U L T--->>::::::::TEST PASSED ::::::::: 05-09-2018-12:56:10 ]]>
            </line>
            <line>
              <![CDATA[+++++++++++++++++++++++++++++++++++++++++++++++++++++++++++++++++++++++++++++++]]>
            </line>
          </reporter-output>
        </test-method> <!-- Verify_Login -->
        <test-method status="PASS" signature="tearDown()[pri:0, instance:com.sfm.centerpoint.tests.LoginPageTest@4dfa3a9d]" name="tearDown" is-config="true" duration-ms="589" started-at="2018-09-05T07:26:10Z" finished-at="2018-09-05T07:26:10Z">
          <reporter-output>
            <line>
              <![CDATA[Browser Closed]]>
            </line>
          </reporter-output>
        </test-method> <!-- tearDown -->
      </class> <!-- com.sfm.centerpoint.tests.LoginPageTest -->
    </test> <!-- Smoke Test -->
    <test name="Sanity Test" duration-ms="8799" started-at="2018-09-05T07:26:10Z" finished-at="2018-09-05T07:26:19Z">
      <class name="com.sfm.centerpoint.tests.DashBoardPageTest">
        <test-method status="PASS" signature="SetUp()[pri:0, instance:com.sfm.centerpoint.tests.DashBoardPageTest@cb644e]" name="SetUp" is-config="true" duration-ms="6922" started-at="2018-09-05T07:26:10Z" finished-at="2018-09-05T07:26:17Z">
          <reporter-output>
            <line>
              <![CDATA[Launching Chrome Browser..]]>
            </line>
            <line>
              <![CDATA[Chrome Browser Launched]]>
            </line>
            <line>
              <![CDATA[Login Performed Successfully..!!!]]>
            </line>
          </reporter-output>
        </test-method> <!-- SetUp -->
        <test-method status="PASS" signature="VerifyDashboardPage()[pri:0, instance:com.sfm.centerpoint.tests.DashBoardPageTest@cb644e]" name="VerifyDashboardPage" duration-ms="58" started-at="2018-09-05T07:26:17Z" finished-at="2018-09-05T07:26:17Z">
          <reporter-output>
            <line>
              <![CDATA[
]]>
            </line>
            <line>
              <![CDATA[+++++++++++++++++++++++++++++++++++++++++++++++++++++++++++++++++++++++++++++++]]>
            </line>
            <line>
              <![CDATA[TEST----------->>::::|| VerifyDashboardPage ||:::: 05-09-2018-12:56:17 ]]>
            </line>
            <line>
              <![CDATA[-------------------------------------------------------------------------------]]>
            </line>
            <line>
              <![CDATA[Test Method Resides in com.sfm.centerpoint.tests.DashBoardPageTest]]>
            </line>
            <line>
              <![CDATA[-------------------------------------------------------------------------------]]>
            </line>
            <line>
              <![CDATA[DONE==>>----<< VerifyDashboardPage >>]]>
            </line>
            <line>
              <![CDATA[R E S U L T--->>::::::::TEST PASSED ::::::::: 05-09-2018-12:56:17 ]]>
            </line>
            <line>
              <![CDATA[+++++++++++++++++++++++++++++++++++++++++++++++++++++++++++++++++++++++++++++++]]>
            </line>
          </reporter-output>
        </test-method> <!-- VerifyDashboardPage -->
        <test-method status="PASS" signature="tearDown()[pri:0, instance:com.sfm.centerpoint.tests.DashBoardPageTest@cb644e]" name="tearDown" is-config="true" duration-ms="1811" started-at="2018-09-05T07:26:17Z" finished-at="2018-09-05T07:26:19Z">
          <reporter-output>
            <line>
              <![CDATA[Logout Performed Successfully..!!!]]>
            </line>
            <line>
              <![CDATA[Browser Closed]]>
            </line>
          </reporter-output>
        </test-method> <!-- tearDown -->
      </class> <!-- com.sfm.centerpoint.tests.DashBoardPageTest -->
    </test> <!-- Sanity Test -->
  </suite> <!-- SFM_POM Suite -->
</testng-results>
